{"level":"error","message":"error"}
{"level":"warn","message":"warn"}
{"level":"info","message":"info"}
{"level":"verbose","message":"verbose"}
{"level":"debug","message":"debug"}
{"level":"info","message":"======================================"}
{"level":"info","message":"||       E M P L O Y E E S          ||"}
{"level":"info","message":"||🦫 Server running on PORT 8888    ||"}
{"level":"info","message":"||       Made by MarioJey           ||"}
{"level":"info","message":"====================================="}
{"level":"error","message":"error"}
{"level":"warn","message":"warn"}
{"level":"info","message":"info"}
{"level":"info","message":"======================================"}
{"level":"info","message":"||       E M P L O Y E E S          ||"}
{"level":"info","message":"||🦫 Server running on PORT 8888    ||"}
{"level":"info","message":"||       Made by MarioJey           ||"}
{"level":"info","message":"====================================="}
error - error
warn - warn
info - info
info - ======================================
info - ||       E M P L O Y E E S          ||
info - ||🦫 Server running on PORT 8888    ||
info - ||       Made by MarioJey           ||
info - =====================================
]error] - error
]warn] - warn
]info] - info
]info] - ======================================
]info] - ||       E M P L O Y E E S          ||
]info] - ||🦫 Server running on PORT 8888    ||
]info] - ||       Made by MarioJey           ||
]info] - =====================================
]error  ] - error
]warn   ] - warn
]info   ] - info
]info   ] - ======================================
]info   ] - ||       E M P L O Y E E S          ||
]info   ] - ||🦫 Server running on PORT 8888    ||
]info   ] - ||       Made by MarioJey           ||
]info   ] - =====================================
]ERROR  ] - error
]WARN   ] - warn
]INFO   ] - info
]INFO   ] - ======================================
]INFO   ] - ||       E M P L O Y E E S          ||
]INFO   ] - ||🦫 Server running on PORT 8888    ||
]INFO   ] - ||       Made by MarioJey           ||
]INFO   ] - =====================================
]ERROR] - error
]WARN ] - warn
]INFO ] - info
]INFO ] - ======================================
]INFO ] - ||       E M P L O Y E E S          ||
]INFO ] - ||🦫 Server running on PORT 8888    ||
]INFO ] - ||       Made by MarioJey           ||
]INFO ] - =====================================
[ERROR] - error
[WARN ] - warn
[INFO ] - info
[INFO ] - ======================================
[INFO ] - ||       E M P L O Y E E S          ||
[INFO ] - ||🦫 Server running on PORT 8888    ||
[INFO ] - ||       Made by MarioJey           ||
[INFO ] - =====================================
 2023-04-15T10:10:23.772Z : [ERROR] - error
 2023-04-15T10:10:23.775Z : [WARN ] - warn
 2023-04-15T10:10:23.776Z : [INFO ] - info
 2023-04-15T10:10:23.787Z : [INFO ] - ======================================
 2023-04-15T10:10:23.788Z : [INFO ] - ||       E M P L O Y E E S          ||
 2023-04-15T10:10:23.788Z : [INFO ] - ||🦫 Server running on PORT 8888    ||
 2023-04-15T10:10:23.788Z : [INFO ] - ||       Made by MarioJey           ||
 2023-04-15T10:10:23.789Z : [INFO ] - =====================================
 2023-04-15T10:10:27.590Z : [ERROR] - error
 2023-04-15T10:10:27.592Z : [WARN ] - warn
 2023-04-15T10:10:27.593Z : [INFO ] - info
 2023-04-15T10:10:27.604Z : [INFO ] - ======================================
 2023-04-15T10:10:27.604Z : [INFO ] - ||       E M P L O Y E E S          ||
 2023-04-15T10:10:27.605Z : [INFO ] - ||🦫 Server running on PORT 8888    ||
 2023-04-15T10:10:27.606Z : [INFO ] - ||       Made by MarioJey           ||
 2023-04-15T10:10:27.606Z : [INFO ] - =====================================
 2023-04-15T10:12:26.789Z : [ERROR] - error
 2023-04-15T10:12:26.792Z : [WARN ] - warn
 2023-04-15T10:12:26.792Z : [INFO ] - info
 2023-04-15T10:12:26.804Z : [INFO ] - ======================================
 2023-04-15T10:12:26.804Z : [INFO ] - ||       E M P L O Y E E S          ||
 2023-04-15T10:12:26.805Z : [INFO ] - ||🦫 Server running on PORT 8888    ||
 2023-04-15T10:12:26.805Z : [INFO ] - ||       Made by MarioJey           ||
 2023-04-15T10:12:26.806Z : [INFO ] - =====================================
 2023-04-15T10:12:48.041Z : [ERROR] - error
 2023-04-15T10:12:48.043Z : [WARN ] - warn
 2023-04-15T10:12:48.044Z : [INFO ] - info
 2023-04-15T10:12:48.059Z : [INFO ] - ======================================
 2023-04-15T10:12:48.059Z : [INFO ] - ||       E M P L O Y E E S          ||
 2023-04-15T10:12:48.060Z : [INFO ] - ||🦫 Server running on PORT 8888    ||
 2023-04-15T10:12:48.061Z : [INFO ] - ||       Made by MarioJey           ||
 2023-04-15T10:12:48.061Z : [INFO ] - =====================================
 2023-04-15T10:12:56.272Z : [ERROR] - error
 2023-04-15T10:12:56.275Z : [WARN ] - warn
 2023-04-15T10:12:56.276Z : [INFO ] - info
 2023-04-15T10:12:56.286Z : [INFO ] - ======================================
 2023-04-15T10:12:56.287Z : [INFO ] - ||       E M P L O Y E E S          ||
 2023-04-15T10:12:56.287Z : [INFO ] - ||🦫 Server running on PORT 8888    ||
 2023-04-15T10:12:56.287Z : [INFO ] - ||       Made by MarioJey           ||
 2023-04-15T10:12:56.288Z : [INFO ] - =====================================
 2023-04-15T10:13:31.097Z : [ERROR] - error
 2023-04-15T10:13:31.100Z : [WARN ] - warn
 2023-04-15T10:13:31.100Z : [INFO ] - info
 2023-04-15T10:13:31.111Z : [INFO ] - App is running
 2023-04-15T10:14:10.381Z : [ERROR] - error
 2023-04-15T10:14:10.385Z : [WARN ] - warn
 2023-04-15T10:14:10.389Z : [INFO ] - info
 2023-04-15T10:14:10.456Z : [INFO ] - App is running
 2023-04-15T10:15:00.344Z : [ERROR] - error
 2023-04-15T10:15:00.347Z : [WARN ] - warn
 2023-04-15T10:15:00.348Z : [INFO ] - info
 2023-04-15T10:15:00.358Z : [INFO ] - App is running
 2023-04-15T10:18:08.466Z : [ERROR] - error
 2023-04-15T10:18:08.483Z : [WARN ] - warn
 2023-04-15T10:18:08.488Z : [INFO ] - info
 2023-04-15T10:18:08.524Z : [INFO ] - App is running
 2023-04-15T10:18:24.311Z : [ERROR] - error
 2023-04-15T10:18:24.334Z : [WARN ] - warn
 2023-04-15T10:18:24.339Z : [INFO ] - info
 2023-04-15T10:18:24.420Z : [INFO ] - App is running
 2023-04-15T10:18:28.522Z : [ERROR] - error
 2023-04-15T10:18:28.526Z : [WARN ] - warn
 2023-04-15T10:18:28.526Z : [INFO ] - info
 2023-04-15T10:18:28.539Z : [INFO ] - App is running
 2023-04-15T10:18:51.538Z : [INFO ] - App has got list of all users from database
 2023-04-15T10:22:16.009Z : [ERROR] - error
 2023-04-15T10:22:16.012Z : [WARN ] - warn
 2023-04-15T10:22:16.013Z : [INFO ] - info
 2023-04-15T10:22:16.026Z : [INFO ] - App is running
 2023-04-15T10:23:49.342Z : [ERROR] - error
 2023-04-15T10:23:49.346Z : [WARN ] - warn
 2023-04-15T10:23:49.346Z : [INFO ] - info
 2023-04-15T10:23:49.355Z : [INFO ] - App is running
 2023-04-15T10:24:34.129Z : [INFO ] - Program has created element in database
 2023-04-15T10:24:51.433Z : [INFO ] - Program has received user data from database
 2023-04-15T10:27:27.333Z : [ERROR] - error
 2023-04-15T10:27:27.341Z : [WARN ] - warn
 2023-04-15T10:27:27.342Z : [INFO ] - info
 2023-04-15T10:27:27.355Z : [INFO ] - App is running
 2023-04-15T10:27:59.732Z : [ERROR] - error
 2023-04-15T10:27:59.737Z : [WARN ] - warn
 2023-04-15T10:27:59.738Z : [INFO ] - info
 2023-04-15T10:27:59.750Z : [INFO ] - App is running
 2023-04-15T10:28:03.579Z : [INFO ] - Program has got this error MongoServerError: E11000 duplicate key error collection: Employers.employees index: email_1 dup key: { email: "szymonkondel3bip@gmail.com" }
 2023-04-15T10:28:19.446Z : [INFO ] - Program has received list of all employees from database
 2023-04-15T10:28:36.313Z : [INFO ] - Program has received list of all users from database
 2023-04-15T10:28:52.237Z : [ERROR] - error
 2023-04-15T10:28:52.241Z : [WARN ] - warn
 2023-04-15T10:28:52.241Z : [INFO ] - info
 2023-04-15T10:28:52.252Z : [INFO ] - App is running
 2023-04-15T10:30:01.225Z : [ERROR] - error
 2023-04-15T10:30:01.232Z : [WARN ] - warn
 2023-04-15T10:30:01.234Z : [INFO ] - info
 2023-04-15T10:30:01.258Z : [INFO ] - App is running
 2023-04-15T10:32:29.502Z : [INFO ] - Program has received list of all users from database
 2023-04-15T10:32:41.349Z : [INFO ] - Program has received list of all employees from database
 2023-04-15T10:32:48.054Z : [INFO ] - Program has received list of all employees from database
 2023-04-15T10:32:48.591Z : [INFO ] - Program has received list of all employees from database
 2023-04-15T10:33:16.384Z : [INFO ] - Program has received user data from database
 2023-04-15T10:36:03.317Z : [ERROR] - error
 2023-04-15T10:36:03.320Z : [WARN ] - warn
 2023-04-15T10:36:03.321Z : [INFO ] - info
 2023-04-15T10:36:03.331Z : [INFO ] - App is running
 2023-04-15T10:36:24.582Z : [INFO ] - App is running
 2023-04-15T10:36:26.083Z : [INFO ] - App is running
 2023-04-20T13:05:47.896Z : [INFO ] - App is running
 2023-04-20T13:06:33.828Z : [INFO ] - Programm has valided token
 2023-04-20T13:06:33.906Z : [INFO ] - Programm has valided token
 2023-04-20T13:06:34.065Z : [INFO ] - Program has received list of all employees from database
 2023-04-20T13:06:34.083Z : [INFO ] - Program has received list of all employees from database
 2023-04-20T13:48:16.441Z : [INFO ] - Program has received list of all users from database
 2023-04-20T13:48:16.469Z : [INFO ] - Program has received list of all users from database
 2023-04-20T13:50:23.811Z : [INFO ] - Programm has valided token
 2023-04-20T13:50:23.815Z : [INFO ] - Programm has valided token
 2023-04-20T13:50:24.037Z : [INFO ] - Program has received list of all employees from database
 2023-04-20T13:50:24.053Z : [INFO ] - Program has received list of all employees from database
 2023-04-20T13:52:24.635Z : [INFO ] - Program has received list of all users from database
 2023-04-20T13:52:24.650Z : [INFO ] - Program has received list of all users from database
 2023-04-20T13:52:27.154Z : [INFO ] - Programm has valided token
 2023-04-20T13:52:27.161Z : [INFO ] - Programm has valided token
 2023-04-20T13:52:27.226Z : [INFO ] - Program has received list of all employees from database
 2023-04-20T13:52:27.238Z : [INFO ] - Program has received list of all employees from database
 2023-04-20T13:53:10.028Z : [INFO ] - Program has received list of all users from database
 2023-04-20T13:53:10.075Z : [INFO ] - Program has received list of all users from database
 2023-04-27T13:37:55.014Z : [INFO ] - App is running
 2023-04-27T13:38:02.434Z : [INFO ] - Programm has valided token
 2023-04-27T13:38:02.447Z : [INFO ] - Programm has valided token
 2023-04-27T13:38:02.541Z : [INFO ] - Program has received list of all employees from database
 2023-04-27T13:38:02.555Z : [INFO ] - Program has received list of all employees from database
 2023-04-27T13:38:24.031Z : [INFO ] - Program has received list of all users from database
 2023-04-27T13:38:24.045Z : [INFO ] - Program has received list of all users from database
 2023-04-27T13:38:39.530Z : [INFO ] - Program has received list of all employees from database
 2023-04-27T13:38:39.539Z : [INFO ] - Program has received list of all employees from database
 2023-04-27T13:50:13.993Z : [INFO ] - Program has received list of all employees from database
 2023-04-27T13:51:05.871Z : [INFO ] - Program has received list of all employees from database
 2023-04-27T13:59:42.117Z : [INFO ] - Programm has valided token
 2023-04-27T13:59:42.122Z : [INFO ] - Programm has valided token
 2023-04-27T13:59:42.291Z : [INFO ] - Program has received list of all employees from database
 2023-04-27T13:59:42.332Z : [INFO ] - Program has received list of all employees from database
 2023-04-27T14:02:52.080Z : [INFO ] - Program has received list of all users from database
 2023-04-27T14:02:52.093Z : [INFO ] - Program has received list of all users from database
 2023-04-27T14:03:00.267Z : [INFO ] - Program has received list of all employees from database
 2023-04-27T14:03:00.311Z : [INFO ] - Program has received list of all employees from database
 2023-04-28T14:26:03.992Z : [INFO ] - App is running
 2023-04-28T14:26:25.084Z : [INFO ] - Programm has valided token
 2023-04-28T14:26:25.104Z : [INFO ] - Programm has valided token
 2023-04-28T14:26:25.371Z : [INFO ] - Program has received list of all employees from database
 2023-04-28T14:26:25.398Z : [INFO ] - Program has received list of all employees from database
 2023-04-28T14:27:08.738Z : [INFO ] - Program has created element in database
 2023-04-28T14:27:08.867Z : [INFO ] - Program has received user data from database
 2023-04-28T14:27:08.950Z : [INFO ] - Program has received user data from database
 2023-04-28T14:27:13.212Z : [INFO ] - Program has received list of all employees from database
 2023-04-28T14:27:13.303Z : [INFO ] - Program has received list of all employees from database
 2023-04-28T14:27:25.434Z : [INFO ] - Program has received user data from database
 2023-04-28T14:27:25.445Z : [INFO ] - Program has received user data from database
 2023-04-28T14:41:08.011Z : [INFO ] - Program has received user data from database
 2023-04-28T14:44:50.020Z : [INFO ] - Program has received user data from database
 2023-04-28T14:45:25.016Z : [INFO ] - Program has received user data from database
 2023-04-28T14:51:56.009Z : [INFO ] - Program has received user data from database
 2023-04-28T14:55:29.656Z : [INFO ] - Program has received user data from database
 2023-04-28T14:55:29.764Z : [INFO ] - Program has received user data from database
 2023-04-28T14:56:52.599Z : [INFO ] - Program has received list of all employees from database
 2023-04-28T14:56:52.620Z : [INFO ] - Program has received list of all employees from database
 2023-04-28T14:56:55.299Z : [INFO ] - Program has received user data from database
 2023-04-28T14:56:55.311Z : [INFO ] - Program has received user data from database
 2023-04-28T14:56:57.461Z : [INFO ] - Program has received user data from database
 2023-04-28T14:56:57.473Z : [INFO ] - Program has received user data from database
 2023-04-28T15:01:29.731Z : [INFO ] - Programm has valided token
 2023-04-28T15:01:29.738Z : [INFO ] - Programm has valided token
 2023-04-28T15:01:30.016Z : [INFO ] - Program has received list of all employees from database
 2023-04-28T15:01:30.046Z : [INFO ] - Program has received list of all employees from database
 2023-04-28T15:01:32.140Z : [INFO ] - Program has received user data from database
 2023-04-28T15:01:32.221Z : [INFO ] - Program has received user data from database
 2023-04-28T15:01:33.415Z : [INFO ] - Program has received user data from database
 2023-04-28T15:01:33.497Z : [INFO ] - Program has received user data from database
 2023-04-28T15:02:52.021Z : [INFO ] - Program has received user data from database
 2023-04-28T15:02:57.524Z : [INFO ] - Program has received list of all employees from database
 2023-04-28T15:02:57.638Z : [INFO ] - Program has received list of all employees from database
 2023-04-28T15:51:09.784Z : [INFO ] - Programm has valided token
 2023-04-28T15:51:09.793Z : [INFO ] - Programm has valided token
 2023-04-28T15:51:10.021Z : [INFO ] - Program has received list of all employees from database
 2023-04-28T15:51:10.036Z : [INFO ] - Program has received list of all employees from database
 2023-04-28T15:51:39.676Z : [INFO ] - Programm has valided token
 2023-04-28T15:51:39.691Z : [INFO ] - Programm has valided token
 2023-04-28T15:51:40.009Z : [INFO ] - Program has received list of all employees from database
 2023-04-28T15:51:40.103Z : [INFO ] - Program has received list of all employees from database
 2023-04-28T15:52:14.970Z : [INFO ] - Programm has valided token
 2023-04-28T15:52:14.983Z : [INFO ] - Programm has valided token
 2023-04-28T15:52:15.179Z : [INFO ] - Program has received list of all employees from database
 2023-04-28T15:52:15.274Z : [INFO ] - Program has received list of all employees from database
 2023-04-28T15:52:42.573Z : [INFO ] - Programm has valided token
 2023-04-28T15:52:42.580Z : [INFO ] - Programm has valided token
 2023-04-28T15:52:42.872Z : [INFO ] - Program has received list of all employees from database
 2023-04-28T15:52:42.888Z : [INFO ] - Program has received list of all employees from database
 2023-04-28T15:57:54.195Z : [WARN ] - Programm has not valided token
 2023-04-28T15:57:54.201Z : [WARN ] - Programm has not valided token
 2023-04-28T15:59:01.071Z : [WARN ] - Programm has not valided token
 2023-04-28T15:59:01.083Z : [WARN ] - Programm has not valided token
 2023-04-28T16:00:27.972Z : [WARN ] - Programm has not valided token
 2023-04-28T16:00:27.977Z : [WARN ] - Programm has not valided token
 2023-04-28T16:01:24.764Z : [WARN ] - Programm has not valided token
 2023-04-28T16:01:24.769Z : [WARN ] - Programm has not valided token
 2023-04-28T16:22:27.207Z : [INFO ] - Program has not found user in database
 2023-04-28T16:22:39.281Z : [INFO ] - Program has checked user
 2023-04-28T16:22:42.731Z : [INFO ] - Program has checked user
 2023-04-28T16:22:46.473Z : [INFO ] - Programm has valided token
 2023-04-28T16:22:46.476Z : [INFO ] - Programm has valided token
 2023-04-28T16:22:46.649Z : [INFO ] - Program has received list of all employees from database
 2023-04-28T16:22:46.748Z : [INFO ] - Program has received list of all employees from database
 2023-04-28T16:23:21.503Z : [INFO ] - Programm has valided token
 2023-04-28T16:23:21.509Z : [INFO ] - Programm has valided token
 2023-04-28T16:23:21.811Z : [INFO ] - Program has received list of all employees from database
 2023-04-28T16:23:21.837Z : [INFO ] - Program has received list of all employees from database
 2023-04-28T16:23:25.737Z : [INFO ] - Programm has valided token
 2023-04-28T16:23:25.745Z : [INFO ] - Programm has valided token
 2023-04-28T16:23:26.009Z : [INFO ] - Program has received list of all employees from database
 2023-04-28T16:23:26.036Z : [INFO ] - Program has received list of all employees from database
 2023-04-28T16:31:35.835Z : [INFO ] - Programm has valided token
 2023-04-28T16:31:43.013Z : [INFO ] - Programm has valided token
 2023-04-28T16:31:43.020Z : [INFO ] - Programm has valided token
 2023-04-28T16:32:15.014Z : [INFO ] - Programm has valided token
 2023-04-28T16:36:49.564Z : [INFO ] - Program has received list of all employees from database
 2023-04-28T16:36:49.676Z : [INFO ] - Program has received list of all employees from database
 2023-04-28T16:36:51.623Z : [INFO ] - Program has received list of all users from database
 2023-04-28T16:36:51.710Z : [INFO ] - Program has received list of all users from database
 2023-04-28T16:37:23.025Z : [INFO ] - Programm has valided token
 2023-04-28T16:37:23.030Z : [INFO ] - Programm has valided token
 2023-04-28T16:38:09.476Z : [INFO ] - Programm has valided token
 2023-04-28T16:38:09.484Z : [INFO ] - Programm has valided token
 2023-04-29T08:32:25.731Z : [INFO ] - App is running
 2023-04-29T08:32:47.205Z : [INFO ] - Programm has valided token
 2023-04-29T08:32:47.219Z : [INFO ] - Programm has valided token
 2023-04-29T08:32:51.506Z : [INFO ] - Program has received list of all employees from database
 2023-04-29T08:32:55.707Z : [INFO ] - Program has received list of all employees from database
 2023-04-29T08:32:56.044Z : [INFO ] - Program has received list of all employees from database
 2023-04-29T08:32:57.142Z : [INFO ] - Program has received list of all employees from database
 2023-04-29T08:32:57.350Z : [INFO ] - Program has received list of all employees from database
 2023-04-29T08:48:44.826Z : [INFO ] - Program has received list of all employees from database
 2023-04-29T08:48:46.335Z : [INFO ] - Program has received list of all employees from database
 2023-04-29T08:51:08.112Z : [INFO ] - Program has created element in database
 2023-04-29T08:51:08.183Z : [INFO ] - Program has received user data from database
 2023-04-29T08:51:08.191Z : [INFO ] - Program has received user data from database
 2023-04-29T08:51:14.454Z : [INFO ] - Program has received list of all employees from database
 2023-04-29T08:51:14.498Z : [INFO ] - Program has received list of all employees from database
 2023-04-29T08:52:45.197Z : [INFO ] - Program has created element in database
 2023-04-29T08:52:45.249Z : [INFO ] - Program has received user data from database
 2023-04-29T08:52:45.256Z : [INFO ] - Program has received user data from database
 2023-04-29T08:52:53.383Z : [INFO ] - Program has received list of all employees from database
 2023-04-29T08:52:53.390Z : [INFO ] - Program has received list of all employees from database
 2023-04-29T08:54:06.546Z : [INFO ] - Programm has valided token
 2023-04-29T08:54:06.550Z : [INFO ] - Programm has valided token
 2023-04-29T08:58:20.451Z : [INFO ] - Program has received list of all users from database
 2023-04-29T08:58:20.496Z : [INFO ] - Program has received list of all users from database
 2023-04-29T08:58:27.426Z : [INFO ] - Programm has valided token
 2023-04-29T08:58:27.432Z : [INFO ] - Programm has valided token
 2023-04-29T08:58:28.797Z : [INFO ] - Program has received list of all employees from database
 2023-04-29T08:58:28.840Z : [INFO ] - Program has received list of all employees from database
 2023-04-29T08:58:30.960Z : [INFO ] - Program has received list of all employees from database
 2023-04-29T08:58:31.007Z : [INFO ] - Program has received list of all employees from database
 2023-04-29T08:58:32.440Z : [INFO ] - Program has received list of all users from database
 2023-04-29T08:58:32.480Z : [INFO ] - Program has received list of all users from database
 2023-04-29T08:58:33.999Z : [INFO ] - Program has received list of all employees from database
 2023-04-29T08:58:34.044Z : [INFO ] - Program has received list of all employees from database
 2023-04-29T08:58:37.061Z : [INFO ] - Program has received list of all employees from database
 2023-04-29T08:58:37.074Z : [INFO ] - Program has received list of all employees from database
 2023-04-29T09:08:20.547Z : [INFO ] - Programm has valided token
 2023-04-29T09:08:20.549Z : [INFO ] - Programm has valided token
 2023-04-29T09:09:14.214Z : [INFO ] - Programm has valided token
 2023-04-29T09:09:15.993Z : [INFO ] - Program has received list of all employees from database
 2023-04-29T09:09:16.039Z : [INFO ] - Program has received list of all employees from database
 2023-04-29T09:09:17.446Z : [INFO ] - Program has received list of all employees from database
 2023-04-29T09:09:17.492Z : [INFO ] - Program has received list of all employees from database
 2023-04-29T09:09:18.766Z : [INFO ] - Program has received list of all employees from database
 2023-04-29T09:09:18.775Z : [INFO ] - Program has received list of all employees from database
 2023-04-29T09:12:21.382Z : [INFO ] - Program has received user data from database
 2023-04-29T09:12:21.431Z : [INFO ] - Program has received user data from database
 2023-04-29T09:12:22.671Z : [INFO ] - Program has received user data from database
 2023-04-29T09:12:22.678Z : [INFO ] - Program has received user data from database
 2023-04-29T09:12:25.324Z : [INFO ] - Program has received list of all employees from database
 2023-04-29T09:12:25.371Z : [INFO ] - Program has received list of all employees from database
 2023-04-29T09:12:27.914Z : [INFO ] - Program has received user data from database
 2023-04-29T09:12:27.921Z : [INFO ] - Program has received user data from database
 2023-04-29T09:12:28.760Z : [INFO ] - Program has received user data from database
 2023-04-29T09:12:28.772Z : [INFO ] - Program has received user data from database
 2023-04-29T09:12:33.898Z : [INFO ] - Program has updated employee
 2023-04-29T09:12:33.940Z : [INFO ] - Program has received user data from database
 2023-04-29T09:12:33.982Z : [INFO ] - Program has received user data from database
 2023-04-29T09:12:36.973Z : [INFO ] - Program has received list of all employees from database
 2023-04-29T09:12:37.016Z : [INFO ] - Program has received list of all employees from database
 2023-04-29T09:13:02.150Z : [INFO ] - Program has received list of all employees from database
 2023-04-29T09:13:02.806Z : [INFO ] - Program has received list of all employees from database
 2023-04-29T09:13:03.435Z : [INFO ] - Program has received list of all employees from database
 2023-04-29T09:13:04.155Z : [INFO ] - Program has received list of all employees from database
 2023-04-29T09:13:04.443Z : [INFO ] - Program has received list of all employees from database
 2023-04-29T09:13:04.635Z : [INFO ] - Program has received list of all employees from database
 2023-04-29T09:13:04.843Z : [INFO ] - Program has received list of all employees from database
 2023-04-29T09:13:05.563Z : [INFO ] - Program has received list of all employees from database
 2023-04-29T09:13:05.900Z : [INFO ] - Program has received list of all employees from database
 2023-04-29T09:13:06.283Z : [INFO ] - Program has received list of all employees from database
 2023-04-29T09:13:06.870Z : [INFO ] - Program has received list of all employees from database
 2023-04-29T09:13:07.028Z : [INFO ] - Program has received list of all employees from database
 2023-04-29T09:13:08.180Z : [INFO ] - Program has received list of all employees from database
 2023-04-29T09:13:08.459Z : [INFO ] - Program has received list of all employees from database
 2023-04-29T09:13:09.006Z : [INFO ] - Program has received list of all employees from database
 2023-04-29T09:13:11.232Z : [INFO ] - Program has received list of all employees from database
 2023-04-29T09:13:11.240Z : [INFO ] - Program has received list of all employees from database
 2023-04-29T09:13:15.393Z : [INFO ] - Program has received user data from database
 2023-04-29T09:13:15.401Z : [INFO ] - Program has received user data from database
 2023-04-29T09:13:16.874Z : [INFO ] - Program has received user data from database
 2023-04-29T09:13:16.890Z : [INFO ] - Program has received user data from database
 2023-04-29T09:13:21.451Z : [INFO ] - Program has updated employee
 2023-04-29T09:13:21.498Z : [INFO ] - Program has received user data from database
 2023-04-29T09:13:21.543Z : [INFO ] - Program has received user data from database
 2023-04-29T09:13:24.767Z : [INFO ] - Program has received list of all employees from database
 2023-04-29T09:13:24.832Z : [INFO ] - Program has received list of all employees from database
 2023-04-29T09:13:57.703Z : [INFO ] - Program has created element in database
 2023-04-29T09:13:57.782Z : [INFO ] - Program has received user data from database
 2023-04-29T09:13:57.789Z : [INFO ] - Program has received user data from database
 2023-04-29T09:14:00.453Z : [INFO ] - Program has received list of all employees from database
 2023-04-29T09:14:00.461Z : [INFO ] - Program has received list of all employees from database
 2023-04-29T09:14:04.093Z : [INFO ] - Program has received list of all employees from database
 2023-04-29T09:14:04.358Z : [INFO ] - Program has received list of all employees from database
 2023-04-29T09:14:04.758Z : [INFO ] - Program has received list of all employees from database
 2023-04-29T09:14:05.008Z : [INFO ] - Program has received list of all employees from database
 2023-04-29T09:14:05.973Z : [INFO ] - Program has received list of all employees from database
 2023-04-29T09:14:06.165Z : [INFO ] - Program has received list of all employees from database
 2023-04-29T09:14:06.380Z : [INFO ] - Program has received list of all employees from database
 2023-04-29T10:11:38.538Z : [INFO ] - App is running
